[1.306s] Invoking command in '/home/nyu-rdt/manualcontrol_ws/src/manualcontrol_pkg': PYTHONPATH=/home/nyu-rdt/manualcontrol_ws/install/manualcontrol_pkg/lib/python3.8/site-packages:${PYTHONPATH} /usr/bin/python3 setup.py egg_info --egg-base ../../build/manualcontrol_pkg build --build-base /home/nyu-rdt/manualcontrol_ws/build/manualcontrol_pkg/build install --prefix /home/nyu-rdt/manualcontrol_ws/install/manualcontrol_pkg --record /home/nyu-rdt/manualcontrol_ws/build/manualcontrol_pkg/install.log --single-version-externally-managed
[1.724s] running egg_info
[1.725s] creating ../../build/manualcontrol_pkg/manualcontrol_pkg.egg-info
[1.726s] writing ../../build/manualcontrol_pkg/manualcontrol_pkg.egg-info/PKG-INFO
[1.726s] writing dependency_links to ../../build/manualcontrol_pkg/manualcontrol_pkg.egg-info/dependency_links.txt
[1.727s] writing entry points to ../../build/manualcontrol_pkg/manualcontrol_pkg.egg-info/entry_points.txt
[1.727s] writing requirements to ../../build/manualcontrol_pkg/manualcontrol_pkg.egg-info/requires.txt
[1.727s] writing top-level names to ../../build/manualcontrol_pkg/manualcontrol_pkg.egg-info/top_level.txt
[1.729s] writing manifest file '../../build/manualcontrol_pkg/manualcontrol_pkg.egg-info/SOURCES.txt'
[1.798s] reading manifest file '../../build/manualcontrol_pkg/manualcontrol_pkg.egg-info/SOURCES.txt'
[1.800s] writing manifest file '../../build/manualcontrol_pkg/manualcontrol_pkg.egg-info/SOURCES.txt'
[1.800s] running build
[1.800s] running build_py
[1.801s] creating /home/nyu-rdt/manualcontrol_ws/build/manualcontrol_pkg/build
[1.801s] creating /home/nyu-rdt/manualcontrol_ws/build/manualcontrol_pkg/build/lib
[1.801s] creating /home/nyu-rdt/manualcontrol_ws/build/manualcontrol_pkg/build/lib/manualcontrol_pkg
[1.801s] copying manualcontrol_pkg/__init__.py -> /home/nyu-rdt/manualcontrol_ws/build/manualcontrol_pkg/build/lib/manualcontrol_pkg
[1.801s] running install
[1.802s] running install_lib
[1.804s] creating /home/nyu-rdt/manualcontrol_ws/install/manualcontrol_pkg/lib/python3.8/site-packages/manualcontrol_pkg
[1.804s] copying /home/nyu-rdt/manualcontrol_ws/build/manualcontrol_pkg/build/lib/manualcontrol_pkg/__init__.py -> /home/nyu-rdt/manualcontrol_ws/install/manualcontrol_pkg/lib/python3.8/site-packages/manualcontrol_pkg
[1.805s] byte-compiling /home/nyu-rdt/manualcontrol_ws/install/manualcontrol_pkg/lib/python3.8/site-packages/manualcontrol_pkg/__init__.py to __init__.cpython-38.pyc
[1.807s] running install_data
[1.808s] creating /home/nyu-rdt/manualcontrol_ws/install/manualcontrol_pkg/share/ament_index
[1.809s] creating /home/nyu-rdt/manualcontrol_ws/install/manualcontrol_pkg/share/ament_index/resource_index
[1.809s] creating /home/nyu-rdt/manualcontrol_ws/install/manualcontrol_pkg/share/ament_index/resource_index/packages
[1.809s] copying resource/manualcontrol_pkg -> /home/nyu-rdt/manualcontrol_ws/install/manualcontrol_pkg/share/ament_index/resource_index/packages
[1.809s] copying package.xml -> /home/nyu-rdt/manualcontrol_ws/install/manualcontrol_pkg/share/manualcontrol_pkg
[1.809s] running install_egg_info
[1.812s] Copying ../../build/manualcontrol_pkg/manualcontrol_pkg.egg-info to /home/nyu-rdt/manualcontrol_ws/install/manualcontrol_pkg/lib/python3.8/site-packages/manualcontrol_pkg-0.0.0-py3.8.egg-info
[1.814s] running install_scripts
[1.846s] writing list of installed files to '/home/nyu-rdt/manualcontrol_ws/build/manualcontrol_pkg/install.log'
[1.894s] Invoked command in '/home/nyu-rdt/manualcontrol_ws/src/manualcontrol_pkg' returned '0': PYTHONPATH=/home/nyu-rdt/manualcontrol_ws/install/manualcontrol_pkg/lib/python3.8/site-packages:${PYTHONPATH} /usr/bin/python3 setup.py egg_info --egg-base ../../build/manualcontrol_pkg build --build-base /home/nyu-rdt/manualcontrol_ws/build/manualcontrol_pkg/build install --prefix /home/nyu-rdt/manualcontrol_ws/install/manualcontrol_pkg --record /home/nyu-rdt/manualcontrol_ws/build/manualcontrol_pkg/install.log --single-version-externally-managed
