running egg_info
writing ../../build/manualcontrol_pkg/manualcontrol_pkg.egg-info/PKG-INFO
writing dependency_links to ../../build/manualcontrol_pkg/manualcontrol_pkg.egg-info/dependency_links.txt
writing entry points to ../../build/manualcontrol_pkg/manualcontrol_pkg.egg-info/entry_points.txt
writing requirements to ../../build/manualcontrol_pkg/manualcontrol_pkg.egg-info/requires.txt
writing top-level names to ../../build/manualcontrol_pkg/manualcontrol_pkg.egg-info/top_level.txt
reading manifest file '../../build/manualcontrol_pkg/manualcontrol_pkg.egg-info/SOURCES.txt'
writing manifest file '../../build/manualcontrol_pkg/manualcontrol_pkg.egg-info/SOURCES.txt'
running build
running build_py
copying manualcontrol_pkg/publisher_member_function.py -> /home/nyu-rdt/manualcontrol_ws/build/manualcontrol_pkg/build/lib/manualcontrol_pkg
running install
running install_lib
copying /home/nyu-rdt/manualcontrol_ws/build/manualcontrol_pkg/build/lib/manualcontrol_pkg/publisher_member_function.py -> /home/nyu-rdt/manualcontrol_ws/install/manualcontrol_pkg/lib/python3.8/site-packages/manualcontrol_pkg
byte-compiling /home/nyu-rdt/manualcontrol_ws/install/manualcontrol_pkg/lib/python3.8/site-packages/manualcontrol_pkg/publisher_member_function.py to publisher_member_function.cpython-38.pyc
running install_data
running install_egg_info
removing '/home/nyu-rdt/manualcontrol_ws/install/manualcontrol_pkg/lib/python3.8/site-packages/manualcontrol_pkg-0.0.0-py3.8.egg-info' (and everything under it)
Copying ../../build/manualcontrol_pkg/manualcontrol_pkg.egg-info to /home/nyu-rdt/manualcontrol_ws/install/manualcontrol_pkg/lib/python3.8/site-packages/manualcontrol_pkg-0.0.0-py3.8.egg-info
running install_scripts
Installing listener script to /home/nyu-rdt/manualcontrol_ws/install/manualcontrol_pkg/lib/manualcontrol_pkg
Installing talker script to /home/nyu-rdt/manualcontrol_ws/install/manualcontrol_pkg/lib/manualcontrol_pkg
writing list of installed files to '/home/nyu-rdt/manualcontrol_ws/build/manualcontrol_pkg/install.log'
